<?xml version="1.0" encoding="UTF-8"?>
<!-- Generated by org.testng.reporters.JUnitXMLReporter -->
<testsuite hostname="DESKTOP-B6QNGSJ" ignored="0" name="Test" tests="4" failures="0" timestamp="2020-05-06T15:32:49 EEST" time="0.086" errors="0">
  <testcase name="deleteTwitter" time="0.01" classname="radoslavmainproject.RestAPITest"/>
  <testcase name="postJira" time="0.002" classname="radoslavmainproject.RestAPITest"/>
  <testcase name="NativeAppAndroid" time="0.001" classname="radoslavmainproject.AppiumTest"/>
  <testcase name="someApps" time="0.002" classname="radoslavmainproject.AppiumTest"/>
</testsuite> <!-- Test -->
