<?xml version="1.0" encoding="UTF-8"?>
<!-- Generated by org.testng.reporters.JUnitXMLReporter -->
<testsuite hostname="DESKTOP-B6QNGSJ" ignored="0" name="Test" tests="6" failures="0" timestamp="2020-05-06T16:18:14 EEST" time="0.072" errors="0">
  <testcase name="deleteTwitter" time="0.005" classname="radoslavmainproject.RestAPITest"/>
  <testcase name="postJira" time="0.0" classname="radoslavmainproject.RestAPITest"/>
  <testcase name="NativeAppAndroid" time="0.0" classname="radoslavmainproject.AppiumTest"/>
  <testcase name="someApps" time="0.001" classname="radoslavmainproject.AppiumTest"/>
  <testcase name="BrowserAutomation" time="0.0" classname="radoslavmainproject.SeleniumTest"/>
  <testcase name="elementsUI" time="0.001" classname="radoslavmainproject.SeleniumTest"/>
</testsuite> <!-- Test -->
