<?xml version="1.0" encoding="UTF-8"?>
<testng-results skipped="0" failed="0" ignored="0" total="4" passed="4">
  <reporter-output>
  </reporter-output>
  <suite name="Suite" duration-ms="86" started-at="2020-05-06T15:32:49 EEST" finished-at="2020-05-06T15:32:49 EEST">
    <groups>
    </groups>
    <test name="Test" duration-ms="86" started-at="2020-05-06T15:32:49 EEST" finished-at="2020-05-06T15:32:49 EEST">
      <class name="radoslavmainproject.RestAPITest">
        <test-method status="PASS" signature="deleteTwitter()[pri:0, instance:radoslavmainproject.RestAPITest@458c1321]" name="deleteTwitter" duration-ms="10" started-at="2020-05-06T15:32:49 EEST" finished-at="2020-05-06T15:32:49 EEST">
          <reporter-output>
          </reporter-output>
        </test-method> <!-- deleteTwitter -->
        <test-method status="PASS" signature="postJira()[pri:0, instance:radoslavmainproject.RestAPITest@458c1321]" name="postJira" duration-ms="2" started-at="2020-05-06T15:32:49 EEST" finished-at="2020-05-06T15:32:49 EEST">
          <reporter-output>
          </reporter-output>
        </test-method> <!-- postJira -->
      </class> <!-- radoslavmainproject.RestAPITest -->
      <class name="radoslavmainproject.AppiumTest">
        <test-method status="PASS" signature="NativeAppAndroid()[pri:0, instance:radoslavmainproject.AppiumTest@11438d26]" name="NativeAppAndroid" duration-ms="1" started-at="2020-05-06T15:32:49 EEST" finished-at="2020-05-06T15:32:49 EEST">
          <reporter-output>
          </reporter-output>
        </test-method> <!-- NativeAppAndroid -->
        <test-method status="PASS" signature="someApps()[pri:0, instance:radoslavmainproject.AppiumTest@11438d26]" name="someApps" duration-ms="2" started-at="2020-05-06T15:32:49 EEST" finished-at="2020-05-06T15:32:49 EEST">
          <reporter-output>
          </reporter-output>
        </test-method> <!-- someApps -->
      </class> <!-- radoslavmainproject.AppiumTest -->
    </test> <!-- Test -->
  </suite> <!-- Suite -->
</testng-results>
